2024-12-14T12:59:11.557+08:00  INFO 4968 --- [StrayAnimalMatching] [main] c.e.demo.StrayAnimalMatchingApplication  : Starting StrayAnimalMatchingApplication using Java 17.0.12 with PID 4968 (D:\WoekSpace\StrayAnimalMatching\target\classes started by user in D:\WoekSpace\StrayAnimalMatching)
2024-12-14T12:59:11.560+08:00  INFO 4968 --- [StrayAnimalMatching] [main] c.e.demo.StrayAnimalMatchingApplication  : No active profile set, falling back to 1 default profile: "default"
2024-12-14T12:59:12.023+08:00  INFO 4968 --- [StrayAnimalMatching] [main] .s.d.r.c.RepositoryConfigurationDelegate : Multiple Spring Data modules found, entering strict repository configuration mode
2024-12-14T12:59:12.024+08:00  INFO 4968 --- [StrayAnimalMatching] [main] .s.d.r.c.RepositoryConfigurationDelegate : Bootstrapping Spring Data JDBC repositories in DEFAULT mode.
2024-12-14T12:59:12.062+08:00  INFO 4968 --- [StrayAnimalMatching] [main] .RepositoryConfigurationExtensionSupport : Spring Data JDBC - Could not safely identify store assignment for repository candidate interface com.example.demo.repository.CatRepository; If you want this repository to be a JDBC repository, consider annotating your entities with one of these annotations: org.springframework.data.relational.core.mapping.Table.
2024-12-14T12:59:12.064+08:00  INFO 4968 --- [StrayAnimalMatching] [main] .RepositoryConfigurationExtensionSupport : Spring Data JDBC - Could not safely identify store assignment for repository candidate interface com.example.demo.repository.DonationRepository; If you want this repository to be a JDBC repository, consider annotating your entities with one of these annotations: org.springframework.data.relational.core.mapping.Table.
2024-12-14T12:59:12.066+08:00  INFO 4968 --- [StrayAnimalMatching] [main] .RepositoryConfigurationExtensionSupport : Spring Data JDBC - Could not safely identify store assignment for repository candidate interface com.example.demo.repository.LovehomeRepository; If you want this repository to be a JDBC repository, consider annotating your entities with one of these annotations: org.springframework.data.relational.core.mapping.Table.
2024-12-14T12:59:12.068+08:00  INFO 4968 --- [StrayAnimalMatching] [main] .RepositoryConfigurationExtensionSupport : Spring Data JDBC - Could not safely identify store assignment for repository candidate interface com.example.demo.repository.ReportRepository; If you want this repository to be a JDBC repository, consider annotating your entities with one of these annotations: org.springframework.data.relational.core.mapping.Table.
2024-12-14T12:59:12.070+08:00  INFO 4968 --- [StrayAnimalMatching] [main] .RepositoryConfigurationExtensionSupport : Spring Data JDBC - Could not safely identify store assignment for repository candidate interface com.example.demo.repository.RequestRepository; If you want this repository to be a JDBC repository, consider annotating your entities with one of these annotations: org.springframework.data.relational.core.mapping.Table.
2024-12-14T12:59:12.072+08:00  INFO 4968 --- [StrayAnimalMatching] [main] .RepositoryConfigurationExtensionSupport : Spring Data JDBC - Could not safely identify store assignment for repository candidate interface com.example.demo.repository.UserRepository; If you want this repository to be a JDBC repository, consider annotating your entities with one of these annotations: org.springframework.data.relational.core.mapping.Table.
2024-12-14T12:59:12.073+08:00  INFO 4968 --- [StrayAnimalMatching] [main] .s.d.r.c.RepositoryConfigurationDelegate : Finished Spring Data repository scanning in 44 ms. Found 0 JDBC repository interfaces.
2024-12-14T12:59:12.083+08:00  INFO 4968 --- [StrayAnimalMatching] [main] .s.d.r.c.RepositoryConfigurationDelegate : Multiple Spring Data modules found, entering strict repository configuration mode
2024-12-14T12:59:12.084+08:00  INFO 4968 --- [StrayAnimalMatching] [main] .s.d.r.c.RepositoryConfigurationDelegate : Bootstrapping Spring Data JPA repositories in DEFAULT mode.
2024-12-14T12:59:12.127+08:00  INFO 4968 --- [StrayAnimalMatching] [main] .s.d.r.c.RepositoryConfigurationDelegate : Finished Spring Data repository scanning in 41 ms. Found 6 JPA repository interfaces.
2024-12-14T12:59:12.489+08:00  INFO 4968 --- [StrayAnimalMatching] [main] o.s.b.w.embedded.tomcat.TomcatWebServer  : Tomcat initialized with port 8081 (http)
2024-12-14T12:59:12.504+08:00  INFO 4968 --- [StrayAnimalMatching] [main] o.apache.catalina.core.StandardService   : Starting service [Tomcat]
2024-12-14T12:59:12.505+08:00  INFO 4968 --- [StrayAnimalMatching] [main] o.apache.catalina.core.StandardEngine    : Starting Servlet engine: [Apache Tomcat/10.1.31]
2024-12-14T12:59:12.652+08:00  INFO 4968 --- [StrayAnimalMatching] [main] org.apache.jasper.servlet.TldScanner     : At least one JAR was scanned for TLDs yet contained no TLDs. Enable debug logging for this logger for a complete list of JARs that were scanned but no TLDs were found in them. Skipping unneeded JARs during scanning can improve startup time and JSP compilation time.
2024-12-14T12:59:12.657+08:00  INFO 4968 --- [StrayAnimalMatching] [main] o.a.c.c.C.[Tomcat].[localhost].[/]       : Initializing Spring embedded WebApplicationContext
2024-12-14T12:59:12.657+08:00  INFO 4968 --- [StrayAnimalMatching] [main] w.s.c.ServletWebServerApplicationContext : Root WebApplicationContext: initialization completed in 1058 ms
2024-12-14T12:59:12.758+08:00  INFO 4968 --- [StrayAnimalMatching] [main] o.hibernate.jpa.internal.util.LogHelper  : HHH000204: Processing PersistenceUnitInfo [name: default]
2024-12-14T12:59:12.801+08:00  INFO 4968 --- [StrayAnimalMatching] [main] org.hibernate.Version                    : HHH000412: Hibernate ORM core version 6.5.3.Final
2024-12-14T12:59:12.828+08:00  INFO 4968 --- [StrayAnimalMatching] [main] o.h.c.internal.RegionFactoryInitiator    : HHH000026: Second-level cache disabled
2024-12-14T12:59:13.044+08:00  INFO 4968 --- [StrayAnimalMatching] [main] o.s.o.j.p.SpringPersistenceUnitInfo      : No LoadTimeWeaver setup: ignoring JPA class transformer
2024-12-14T12:59:13.067+08:00  INFO 4968 --- [StrayAnimalMatching] [main] com.zaxxer.hikari.HikariDataSource       : HikariPool-1 - Starting...
2024-12-14T12:59:13.185+08:00  INFO 4968 --- [StrayAnimalMatching] [main] com.zaxxer.hikari.pool.HikariPool        : HikariPool-1 - Added connection com.mysql.cj.jdbc.ConnectionImpl@ff4b223
2024-12-14T12:59:13.187+08:00  INFO 4968 --- [StrayAnimalMatching] [main] com.zaxxer.hikari.HikariDataSource       : HikariPool-1 - Start completed.
2024-12-14T12:59:13.971+08:00  INFO 4968 --- [StrayAnimalMatching] [main] o.h.e.t.j.p.i.JtaPlatformInitiator       : HHH000489: No JTA platform available (set 'hibernate.transaction.jta.platform' to enable JTA platform integration)
2024-12-14T12:59:14.161+08:00  INFO 4968 --- [StrayAnimalMatching] [main] j.LocalContainerEntityManagerFactoryBean : Initialized JPA EntityManagerFactory for persistence unit 'default'
2024-12-14T12:59:14.512+08:00  WARN 4968 --- [StrayAnimalMatching] [main] JpaBaseConfiguration$JpaWebConfiguration : spring.jpa.open-in-view is enabled by default. Therefore, database queries may be performed during view rendering. Explicitly configure spring.jpa.open-in-view to disable this warning
2024-12-14T12:59:14.527+08:00  INFO 4968 --- [StrayAnimalMatching] [main] o.s.b.a.w.s.WelcomePageHandlerMapping    : Adding welcome page: class path resource [static/index.html]
2024-12-14T12:59:14.831+08:00  INFO 4968 --- [StrayAnimalMatching] [main] o.s.b.w.embedded.tomcat.TomcatWebServer  : Tomcat started on port 8081 (http) with context path '/'
2024-12-14T12:59:14.839+08:00  INFO 4968 --- [StrayAnimalMatching] [main] c.e.demo.StrayAnimalMatchingApplication  : Started StrayAnimalMatchingApplication in 3.578 seconds (process running for 4.0)
2024-12-14T12:59:20.335+08:00  INFO 4968 --- [StrayAnimalMatching] [http-nio-8081-exec-1] o.a.c.c.C.[Tomcat].[localhost].[/]       : Initializing Spring DispatcherServlet 'dispatcherServlet'
2024-12-14T12:59:20.336+08:00  INFO 4968 --- [StrayAnimalMatching] [http-nio-8081-exec-1] o.s.web.servlet.DispatcherServlet        : Initializing Servlet 'dispatcherServlet'
2024-12-14T12:59:20.337+08:00  INFO 4968 --- [StrayAnimalMatching] [http-nio-8081-exec-1] o.s.web.servlet.DispatcherServlet        : Completed initialization in 1 ms
2024-12-14T15:01:44.824+08:00  INFO 4968 --- [StrayAnimalMatching] [RMI TCP Connection(132)-127.0.0.1] inMXBeanRegistrar$SpringApplicationAdmin : Application shutdown requested.
2024-12-14T15:01:44.984+08:00  INFO 4968 --- [StrayAnimalMatching] [RMI TCP Connection(132)-127.0.0.1] j.LocalContainerEntityManagerFactoryBean : Closing JPA EntityManagerFactory for persistence unit 'default'
2024-12-14T15:01:44.993+08:00  INFO 4968 --- [StrayAnimalMatching] [RMI TCP Connection(132)-127.0.0.1] com.zaxxer.hikari.HikariDataSource       : HikariPool-1 - Shutdown initiated...
2024-12-14T15:01:44.996+08:00  INFO 4968 --- [StrayAnimalMatching] [RMI TCP Connection(132)-127.0.0.1] com.zaxxer.hikari.HikariDataSource       : HikariPool-1 - Shutdown completed.
